Resource Utilization by Entity report for matmultop
Mon Feb 04 09:06:32 2019
Quartus Prime Version 18.1.0 Build 625 09/12/2018 SJ Lite Edition


---------------------
; Table of Contents ;
---------------------
  1. Legal Notice
  2. Analysis & Synthesis Resource Utilization by Entity



----------------
; Legal Notice ;
----------------
Copyright (C) 2018  Intel Corporation. All rights reserved.
Your use of Intel Corporation's design tools, logic functions 
and other software and tools, and its AMPP partner logic 
functions, and any output files from any of the foregoing 
(including device programming or simulation files), and any 
associated documentation or information are expressly subject 
to the terms and conditions of the Intel Program License 
Subscription Agreement, the Intel Quartus Prime License Agreement,
the Intel FPGA IP License Agreement, or other applicable license
agreement, including, without limitation, that your use is for
the sole purpose of programming logic devices manufactured by
Intel and sold by Intel or its authorized distributors.  Please
refer to the applicable agreement for further details.



+-------------------------------------------------------------------------------------------------------------------------------------------------------------------------------------------------------------------------------------------------------------------------------------------------------------------------------+
; Analysis & Synthesis Resource Utilization by Entity                                                                                                                                                                                                                                                                           ;
+----------------------------------------------+---------------------+---------------------------+-------------+--------------+---------+-----------+------+--------------+--------------------------------------------------------------------------------------------------------------------+-----------------+--------------+
; Compilation Hierarchy Node                   ; Combinational ALUTs ; Dedicated Logic Registers ; Memory Bits ; DSP Elements ; DSP 9x9 ; DSP 18x18 ; Pins ; Virtual Pins ; Full Hierarchy Name                                                                                                ; Entity Name     ; Library Name ;
+----------------------------------------------+---------------------+---------------------------+-------------+--------------+---------+-----------+------+--------------+--------------------------------------------------------------------------------------------------------------------+-----------------+--------------+
; |matmultop                                   ; 1185 (0)            ; 784 (0)                   ; 6144        ; 64           ; 0       ; 32        ; 126  ; 0            ; |matmultop                                                                                                         ; matmultop       ; work         ;
;    |bram_block:x_inst|                       ; 48 (0)              ; 84 (0)                    ; 2048        ; 0            ; 0       ; 0         ; 0    ; 0            ; |matmultop|bram_block:x_inst                                                                                       ; bram_block      ; work         ;
;       |bram:\bram_blocks:0:bram_instance|    ; 12 (12)             ; 21 (21)                   ; 512         ; 0            ; 0       ; 0         ; 0    ; 0            ; |matmultop|bram_block:x_inst|bram:\bram_blocks:0:bram_instance                                                     ; bram            ; work         ;
;          |altsyncram:mem_rtl_0|              ; 0 (0)               ; 0 (0)                     ; 512         ; 0            ; 0       ; 0         ; 0    ; 0            ; |matmultop|bram_block:x_inst|bram:\bram_blocks:0:bram_instance|altsyncram:mem_rtl_0                                ; altsyncram      ; work         ;
;             |altsyncram_8ac1:auto_generated| ; 0 (0)               ; 0 (0)                     ; 512         ; 0            ; 0       ; 0         ; 0    ; 0            ; |matmultop|bram_block:x_inst|bram:\bram_blocks:0:bram_instance|altsyncram:mem_rtl_0|altsyncram_8ac1:auto_generated ; altsyncram_8ac1 ; work         ;
;       |bram:\bram_blocks:1:bram_instance|    ; 12 (12)             ; 21 (21)                   ; 512         ; 0            ; 0       ; 0         ; 0    ; 0            ; |matmultop|bram_block:x_inst|bram:\bram_blocks:1:bram_instance                                                     ; bram            ; work         ;
;          |altsyncram:mem_rtl_0|              ; 0 (0)               ; 0 (0)                     ; 512         ; 0            ; 0       ; 0         ; 0    ; 0            ; |matmultop|bram_block:x_inst|bram:\bram_blocks:1:bram_instance|altsyncram:mem_rtl_0                                ; altsyncram      ; work         ;
;             |altsyncram_8ac1:auto_generated| ; 0 (0)               ; 0 (0)                     ; 512         ; 0            ; 0       ; 0         ; 0    ; 0            ; |matmultop|bram_block:x_inst|bram:\bram_blocks:1:bram_instance|altsyncram:mem_rtl_0|altsyncram_8ac1:auto_generated ; altsyncram_8ac1 ; work         ;
;       |bram:\bram_blocks:2:bram_instance|    ; 12 (12)             ; 21 (21)                   ; 512         ; 0            ; 0       ; 0         ; 0    ; 0            ; |matmultop|bram_block:x_inst|bram:\bram_blocks:2:bram_instance                                                     ; bram            ; work         ;
;          |altsyncram:mem_rtl_0|              ; 0 (0)               ; 0 (0)                     ; 512         ; 0            ; 0       ; 0         ; 0    ; 0            ; |matmultop|bram_block:x_inst|bram:\bram_blocks:2:bram_instance|altsyncram:mem_rtl_0                                ; altsyncram      ; work         ;
;             |altsyncram_8ac1:auto_generated| ; 0 (0)               ; 0 (0)                     ; 512         ; 0            ; 0       ; 0         ; 0    ; 0            ; |matmultop|bram_block:x_inst|bram:\bram_blocks:2:bram_instance|altsyncram:mem_rtl_0|altsyncram_8ac1:auto_generated ; altsyncram_8ac1 ; work         ;
;       |bram:\bram_blocks:3:bram_instance|    ; 12 (12)             ; 21 (21)                   ; 512         ; 0            ; 0       ; 0         ; 0    ; 0            ; |matmultop|bram_block:x_inst|bram:\bram_blocks:3:bram_instance                                                     ; bram            ; work         ;
;          |altsyncram:mem_rtl_0|              ; 0 (0)               ; 0 (0)                     ; 512         ; 0            ; 0       ; 0         ; 0    ; 0            ; |matmultop|bram_block:x_inst|bram:\bram_blocks:3:bram_instance|altsyncram:mem_rtl_0                                ; altsyncram      ; work         ;
;             |altsyncram_8ac1:auto_generated| ; 0 (0)               ; 0 (0)                     ; 512         ; 0            ; 0       ; 0         ; 0    ; 0            ; |matmultop|bram_block:x_inst|bram:\bram_blocks:3:bram_instance|altsyncram:mem_rtl_0|altsyncram_8ac1:auto_generated ; altsyncram_8ac1 ; work         ;
;    |bram_block:y_inst|                       ; 48 (0)              ; 84 (0)                    ; 2048        ; 0            ; 0       ; 0         ; 0    ; 0            ; |matmultop|bram_block:y_inst                                                                                       ; bram_block      ; work         ;
;       |bram:\bram_blocks:0:bram_instance|    ; 12 (12)             ; 21 (21)                   ; 512         ; 0            ; 0       ; 0         ; 0    ; 0            ; |matmultop|bram_block:y_inst|bram:\bram_blocks:0:bram_instance                                                     ; bram            ; work         ;
;          |altsyncram:mem_rtl_0|              ; 0 (0)               ; 0 (0)                     ; 512         ; 0            ; 0       ; 0         ; 0    ; 0            ; |matmultop|bram_block:y_inst|bram:\bram_blocks:0:bram_instance|altsyncram:mem_rtl_0                                ; altsyncram      ; work         ;
;             |altsyncram_8ac1:auto_generated| ; 0 (0)               ; 0 (0)                     ; 512         ; 0            ; 0       ; 0         ; 0    ; 0            ; |matmultop|bram_block:y_inst|bram:\bram_blocks:0:bram_instance|altsyncram:mem_rtl_0|altsyncram_8ac1:auto_generated ; altsyncram_8ac1 ; work         ;
;       |bram:\bram_blocks:1:bram_instance|    ; 12 (12)             ; 21 (21)                   ; 512         ; 0            ; 0       ; 0         ; 0    ; 0            ; |matmultop|bram_block:y_inst|bram:\bram_blocks:1:bram_instance                                                     ; bram            ; work         ;
;          |altsyncram:mem_rtl_0|              ; 0 (0)               ; 0 (0)                     ; 512         ; 0            ; 0       ; 0         ; 0    ; 0            ; |matmultop|bram_block:y_inst|bram:\bram_blocks:1:bram_instance|altsyncram:mem_rtl_0                                ; altsyncram      ; work         ;
;             |altsyncram_8ac1:auto_generated| ; 0 (0)               ; 0 (0)                     ; 512         ; 0            ; 0       ; 0         ; 0    ; 0            ; |matmultop|bram_block:y_inst|bram:\bram_blocks:1:bram_instance|altsyncram:mem_rtl_0|altsyncram_8ac1:auto_generated ; altsyncram_8ac1 ; work         ;
;       |bram:\bram_blocks:2:bram_instance|    ; 12 (12)             ; 21 (21)                   ; 512         ; 0            ; 0       ; 0         ; 0    ; 0            ; |matmultop|bram_block:y_inst|bram:\bram_blocks:2:bram_instance                                                     ; bram            ; work         ;
;          |altsyncram:mem_rtl_0|              ; 0 (0)               ; 0 (0)                     ; 512         ; 0            ; 0       ; 0         ; 0    ; 0            ; |matmultop|bram_block:y_inst|bram:\bram_blocks:2:bram_instance|altsyncram:mem_rtl_0                                ; altsyncram      ; work         ;
;             |altsyncram_8ac1:auto_generated| ; 0 (0)               ; 0 (0)                     ; 512         ; 0            ; 0       ; 0         ; 0    ; 0            ; |matmultop|bram_block:y_inst|bram:\bram_blocks:2:bram_instance|altsyncram:mem_rtl_0|altsyncram_8ac1:auto_generated ; altsyncram_8ac1 ; work         ;
;       |bram:\bram_blocks:3:bram_instance|    ; 12 (12)             ; 21 (21)                   ; 512         ; 0            ; 0       ; 0         ; 0    ; 0            ; |matmultop|bram_block:y_inst|bram:\bram_blocks:3:bram_instance                                                     ; bram            ; work         ;
;          |altsyncram:mem_rtl_0|              ; 0 (0)               ; 0 (0)                     ; 512         ; 0            ; 0       ; 0         ; 0    ; 0            ; |matmultop|bram_block:y_inst|bram:\bram_blocks:3:bram_instance|altsyncram:mem_rtl_0                                ; altsyncram      ; work         ;
;             |altsyncram_8ac1:auto_generated| ; 0 (0)               ; 0 (0)                     ; 512         ; 0            ; 0       ; 0         ; 0    ; 0            ; |matmultop|bram_block:y_inst|bram:\bram_blocks:3:bram_instance|altsyncram:mem_rtl_0|altsyncram_8ac1:auto_generated ; altsyncram_8ac1 ; work         ;
;    |bram_block:z_inst|                       ; 48 (0)              ; 84 (0)                    ; 2048        ; 0            ; 0       ; 0         ; 0    ; 0            ; |matmultop|bram_block:z_inst                                                                                       ; bram_block      ; work         ;
;       |bram:\bram_blocks:0:bram_instance|    ; 12 (12)             ; 21 (21)                   ; 512         ; 0            ; 0       ; 0         ; 0    ; 0            ; |matmultop|bram_block:z_inst|bram:\bram_blocks:0:bram_instance                                                     ; bram            ; work         ;
;          |altsyncram:mem_rtl_0|              ; 0 (0)               ; 0 (0)                     ; 512         ; 0            ; 0       ; 0         ; 0    ; 0            ; |matmultop|bram_block:z_inst|bram:\bram_blocks:0:bram_instance|altsyncram:mem_rtl_0                                ; altsyncram      ; work         ;
;             |altsyncram_8ac1:auto_generated| ; 0 (0)               ; 0 (0)                     ; 512         ; 0            ; 0       ; 0         ; 0    ; 0            ; |matmultop|bram_block:z_inst|bram:\bram_blocks:0:bram_instance|altsyncram:mem_rtl_0|altsyncram_8ac1:auto_generated ; altsyncram_8ac1 ; work         ;
;       |bram:\bram_blocks:1:bram_instance|    ; 12 (12)             ; 21 (21)                   ; 512         ; 0            ; 0       ; 0         ; 0    ; 0            ; |matmultop|bram_block:z_inst|bram:\bram_blocks:1:bram_instance                                                     ; bram            ; work         ;
;          |altsyncram:mem_rtl_0|              ; 0 (0)               ; 0 (0)                     ; 512         ; 0            ; 0       ; 0         ; 0    ; 0            ; |matmultop|bram_block:z_inst|bram:\bram_blocks:1:bram_instance|altsyncram:mem_rtl_0                                ; altsyncram      ; work         ;
;             |altsyncram_8ac1:auto_generated| ; 0 (0)               ; 0 (0)                     ; 512         ; 0            ; 0       ; 0         ; 0    ; 0            ; |matmultop|bram_block:z_inst|bram:\bram_blocks:1:bram_instance|altsyncram:mem_rtl_0|altsyncram_8ac1:auto_generated ; altsyncram_8ac1 ; work         ;
;       |bram:\bram_blocks:2:bram_instance|    ; 12 (12)             ; 21 (21)                   ; 512         ; 0            ; 0       ; 0         ; 0    ; 0            ; |matmultop|bram_block:z_inst|bram:\bram_blocks:2:bram_instance                                                     ; bram            ; work         ;
;          |altsyncram:mem_rtl_0|              ; 0 (0)               ; 0 (0)                     ; 512         ; 0            ; 0       ; 0         ; 0    ; 0            ; |matmultop|bram_block:z_inst|bram:\bram_blocks:2:bram_instance|altsyncram:mem_rtl_0                                ; altsyncram      ; work         ;
;             |altsyncram_8ac1:auto_generated| ; 0 (0)               ; 0 (0)                     ; 512         ; 0            ; 0       ; 0         ; 0    ; 0            ; |matmultop|bram_block:z_inst|bram:\bram_blocks:2:bram_instance|altsyncram:mem_rtl_0|altsyncram_8ac1:auto_generated ; altsyncram_8ac1 ; work         ;
;       |bram:\bram_blocks:3:bram_instance|    ; 12 (12)             ; 21 (21)                   ; 512         ; 0            ; 0       ; 0         ; 0    ; 0            ; |matmultop|bram_block:z_inst|bram:\bram_blocks:3:bram_instance                                                     ; bram            ; work         ;
;          |altsyncram:mem_rtl_0|              ; 0 (0)               ; 0 (0)                     ; 512         ; 0            ; 0       ; 0         ; 0    ; 0            ; |matmultop|bram_block:z_inst|bram:\bram_blocks:3:bram_instance|altsyncram:mem_rtl_0                                ; altsyncram      ; work         ;
;             |altsyncram_8ac1:auto_generated| ; 0 (0)               ; 0 (0)                     ; 512         ; 0            ; 0       ; 0         ; 0    ; 0            ; |matmultop|bram_block:z_inst|bram:\bram_blocks:3:bram_instance|altsyncram:mem_rtl_0|altsyncram_8ac1:auto_generated ; altsyncram_8ac1 ; work         ;
;    |matmul:matmul_inst|                      ; 1041 (305)          ; 532 (532)                 ; 0           ; 64           ; 0       ; 32        ; 0    ; 0            ; |matmultop|matmul:matmul_inst                                                                                      ; matmul          ; work         ;
;       |lpm_mult:Mult0|                       ; 92 (0)              ; 0 (0)                     ; 0           ; 8            ; 0       ; 4         ; 0    ; 0            ; |matmultop|matmul:matmul_inst|lpm_mult:Mult0                                                                       ; lpm_mult        ; work         ;
;          |mult_46t:auto_generated|           ; 92 (92)             ; 0 (0)                     ; 0           ; 8            ; 0       ; 4         ; 0    ; 0            ; |matmultop|matmul:matmul_inst|lpm_mult:Mult0|mult_46t:auto_generated                                               ; mult_46t        ; work         ;
;       |lpm_mult:Mult1|                       ; 92 (0)              ; 0 (0)                     ; 0           ; 8            ; 0       ; 4         ; 0    ; 0            ; |matmultop|matmul:matmul_inst|lpm_mult:Mult1                                                                       ; lpm_mult        ; work         ;
;          |mult_46t:auto_generated|           ; 92 (92)             ; 0 (0)                     ; 0           ; 8            ; 0       ; 4         ; 0    ; 0            ; |matmultop|matmul:matmul_inst|lpm_mult:Mult1|mult_46t:auto_generated                                               ; mult_46t        ; work         ;
;       |lpm_mult:Mult2|                       ; 92 (0)              ; 0 (0)                     ; 0           ; 8            ; 0       ; 4         ; 0    ; 0            ; |matmultop|matmul:matmul_inst|lpm_mult:Mult2                                                                       ; lpm_mult        ; work         ;
;          |mult_46t:auto_generated|           ; 92 (92)             ; 0 (0)                     ; 0           ; 8            ; 0       ; 4         ; 0    ; 0            ; |matmultop|matmul:matmul_inst|lpm_mult:Mult2|mult_46t:auto_generated                                               ; mult_46t        ; work         ;
;       |lpm_mult:Mult3|                       ; 92 (0)              ; 0 (0)                     ; 0           ; 8            ; 0       ; 4         ; 0    ; 0            ; |matmultop|matmul:matmul_inst|lpm_mult:Mult3                                                                       ; lpm_mult        ; work         ;
;          |mult_46t:auto_generated|           ; 92 (92)             ; 0 (0)                     ; 0           ; 8            ; 0       ; 4         ; 0    ; 0            ; |matmultop|matmul:matmul_inst|lpm_mult:Mult3|mult_46t:auto_generated                                               ; mult_46t        ; work         ;
;       |lpm_mult:Mult4|                       ; 92 (0)              ; 0 (0)                     ; 0           ; 8            ; 0       ; 4         ; 0    ; 0            ; |matmultop|matmul:matmul_inst|lpm_mult:Mult4                                                                       ; lpm_mult        ; work         ;
;          |mult_46t:auto_generated|           ; 92 (92)             ; 0 (0)                     ; 0           ; 8            ; 0       ; 4         ; 0    ; 0            ; |matmultop|matmul:matmul_inst|lpm_mult:Mult4|mult_46t:auto_generated                                               ; mult_46t        ; work         ;
;       |lpm_mult:Mult5|                       ; 92 (0)              ; 0 (0)                     ; 0           ; 8            ; 0       ; 4         ; 0    ; 0            ; |matmultop|matmul:matmul_inst|lpm_mult:Mult5                                                                       ; lpm_mult        ; work         ;
;          |mult_46t:auto_generated|           ; 92 (92)             ; 0 (0)                     ; 0           ; 8            ; 0       ; 4         ; 0    ; 0            ; |matmultop|matmul:matmul_inst|lpm_mult:Mult5|mult_46t:auto_generated                                               ; mult_46t        ; work         ;
;       |lpm_mult:Mult6|                       ; 92 (0)              ; 0 (0)                     ; 0           ; 8            ; 0       ; 4         ; 0    ; 0            ; |matmultop|matmul:matmul_inst|lpm_mult:Mult6                                                                       ; lpm_mult        ; work         ;
;          |mult_46t:auto_generated|           ; 92 (92)             ; 0 (0)                     ; 0           ; 8            ; 0       ; 4         ; 0    ; 0            ; |matmultop|matmul:matmul_inst|lpm_mult:Mult6|mult_46t:auto_generated                                               ; mult_46t        ; work         ;
;       |lpm_mult:Mult7|                       ; 92 (0)              ; 0 (0)                     ; 0           ; 8            ; 0       ; 4         ; 0    ; 0            ; |matmultop|matmul:matmul_inst|lpm_mult:Mult7                                                                       ; lpm_mult        ; work         ;
;          |mult_46t:auto_generated|           ; 92 (92)             ; 0 (0)                     ; 0           ; 8            ; 0       ; 4         ; 0    ; 0            ; |matmultop|matmul:matmul_inst|lpm_mult:Mult7|mult_46t:auto_generated                                               ; mult_46t        ; work         ;
+----------------------------------------------+---------------------+---------------------------+-------------+--------------+---------+-----------+------+--------------+--------------------------------------------------------------------------------------------------------------------+-----------------+--------------+
Note: For table entries with two numbers listed, the numbers in parentheses indicate the number of resources of the given type used by the specific entity alone. The numbers listed outside of parentheses indicate the total resources of the given type used by the specific entity and all of its sub-entities in the hierarchy.


